#
# There is insufficient memory for the Java Runtime Environment to continue.
# Native memory allocation (malloc) failed to allocate 3760016 bytes for Chunk::new
# Possible reasons:
#   The system is out of physical RAM or swap space
#   The process is running with CompressedOops enabled, and the Java Heap may be blocking the growth of the native heap
# Possible solutions:
#   Reduce memory load on the system
#   Increase physical memory or swap space
#   Check if swap backing store is full
#   Decrease Java heap size (-Xmx/-Xms)
#   Decrease number of Java threads
#   Decrease Java thread stack sizes (-Xss)
#   Set larger code cache with -XX:ReservedCodeCacheSize=
#   JVM is running with Unscaled Compressed Oops mode in which the Java heap is
#     placed in the first 4GB address space. The Java Heap base address is the
#     maximum limit for the native heap growth. Please use -XX:HeapBaseMinAddress
#     to set the Java Heap base and to place the Java Heap above 4GB virtual address.
# This output file may be truncated or incomplete.
#
#  Out of Memory Error (allocation.cpp:389), pid=10044, tid=0x000000000000043c
#
# JRE version: OpenJDK Runtime Environment (8.0_202-b03) (build 1.8.0_202-release-1483-b03)
# Java VM: OpenJDK 64-Bit Server VM (25.202-b03 mixed mode windows-amd64 compressed oops)
# Failed to write core dump. Minidumps are not enabled by default on client versions of Windows
#

---------------  T H R E A D  ---------------

Current thread (0x0000000015db0000):  JavaThread "C2 CompilerThread1" daemon [_thread_in_native, id=1084, stack(0x0000000017510000,0x0000000017610000)]

Stack: [0x0000000017510000,0x0000000017610000]
[error occurred during error reporting (printing stack bounds), id 0xc0000005]

Native frames: (J=compiled Java code, j=interpreted, Vv=VM code, C=native code)


Current CompileTask:
C2:5393420 26679       4       org.objectweb.asm.ClassReader::readCode (3575 bytes)


---------------  P R O C E S S  ---------------

Java Threads: ( => current thread )
  0x000000001dd12000 JavaThread "Cache worker for execution history cache (C:\Users\CHOCHHE\AndroidStudioProjects\EMI\.gradle\5.4.1\executionHistory)" [_thread_blocked, id=4492, stack(0x0000000026fb0000,0x00000000270b0000)]
  0x000000001dd12800 JavaThread "Execution worker for ':' Thread 3" [_thread_in_native, id=8872, stack(0x0000000025870000,0x0000000025970000)]
  0x000000001dd15000 JavaThread "Execution worker for ':' Thread 2" [_thread_in_native, id=11852, stack(0x0000000025570000,0x0000000025670000)]
  0x000000001dd0f800 JavaThread "Execution worker for ':'" [_thread_in_native, id=1388, stack(0x0000000023fc0000,0x00000000240c0000)]
  0x000000001dd0f000 JavaThread "Cache worker for file content cache (C:\Users\CHOCHHE\AndroidStudioProjects\EMI\.gradle\5.4.1\fileContent)" [_thread_blocked, id=3012, stack(0x0000000023770000,0x0000000023870000)]
  0x000000001dd0c800 JavaThread "Cache worker for Build Output Cleanup Cache (C:\Users\CHOCHHE\AndroidStudioProjects\EMI\.gradle\buildOutputCleanup)" [_thread_blocked, id=3956, stack(0x0000000023670000,0x0000000023770000)]
  0x000000001add7800 JavaThread "Build operations Thread 4" [_thread_blocked, id=1996, stack(0x0000000022010000,0x0000000022110000)]
  0x000000001add7000 JavaThread "Build operations Thread 3" [_thread_blocked, id=8248, stack(0x0000000020460000,0x0000000020560000)]
  0x000000001add6000 JavaThread "Build operations Thread 2" [_thread_blocked, id=5916, stack(0x000000001f890000,0x000000001f990000)]
  0x000000001add5800 JavaThread "Build operations" [_thread_blocked, id=7172, stack(0x000000001e5d0000,0x000000001e6d0000)]
  0x000000001add4800 JavaThread "Cache worker for cache directory md-rule (C:\Users\CHOCHHE\.gradle\caches\5.4.1\md-rule)" [_thread_blocked, id=1624, stack(0x000000001e4d0000,0x000000001e5d0000)]
  0x000000001adcd000 JavaThread "Cache worker for cache directory md-supplier (C:\Users\CHOCHHE\.gradle\caches\5.4.1\md-supplier)" [_thread_blocked, id=12176, stack(0x000000001ce00000,0x000000001cf00000)]
  0x000000001add1800 JavaThread "Cache worker for file hash cache (C:\Users\CHOCHHE\AndroidStudioProjects\EMI\.gradle\5.4.1\fileHashes)" [_thread_blocked, id=10852, stack(0x000000001a660000,0x000000001a760000)]
  0x000000001add4000 JavaThread "Thread-362" [_thread_blocked, id=11748, stack(0x000000001a360000,0x000000001a460000)]
  0x000000001add1000 JavaThread "Stdin handler" [_thread_blocked, id=6488, stack(0x000000001a260000,0x000000001a360000)]
  0x000000001add0000 JavaThread "Asynchronous log dispatcher for DefaultDaemonConnection: socket connection from /127.0.0.1:50100 to /127.0.0.1:51478" [_thread_blocked, id=4600, stack(0x0000000019f60000,0x000000001a060000)]
  0x000000001adcf800 JavaThread "Daemon worker Thread 13" [_thread_in_native, id=8356, stack(0x0000000019e60000,0x0000000019f60000)]
  0x000000001adcc800 JavaThread "Cancel handler" [_thread_blocked, id=11720, stack(0x00000000020c0000,0x00000000021c0000)]
  0x000000001adc9800 JavaThread "Handler for socket connection from /127.0.0.1:50100 to /127.0.0.1:51478" [_thread_in_native, id=4356, stack(0x00000000006f0000,0x00000000007f0000)]
  0x000000001adcb000 JavaThread "Daemon Thread 13" [_thread_blocked, id=8980, stack(0x00000000005f0000,0x00000000006f0000)]
  0x000000001bca7000 JavaThread "Cache worker for Java compile cache (C:\Users\CHOCHHE\.gradle\caches\5.4.1\javaCompile)" [_thread_blocked, id=1332, stack(0x00000000240c0000,0x00000000241c0000)]
  0x0000000018cdf000 JavaThread "Cache worker for file content cache (C:\Users\CHOCHHE\.gradle\caches\5.4.1\fileContent)" [_thread_blocked, id=10684, stack(0x0000000020560000,0x0000000020660000)]
  0x000000001bca2800 JavaThread "Memory manager" [_thread_blocked, id=7424, stack(0x0000000021860000,0x0000000021960000)]
  0x0000000018ce0800 JavaThread "Cache worker for execution history cache (C:\Users\CHOCHHE\.gradle\caches\5.4.1\executionHistory)" [_thread_blocked, id=4188, stack(0x000000001e6d0000,0x000000001e7d0000)]
  0x0000000018ce0000 JavaThread "Cache worker for journal cache (C:\Users\CHOCHHE\.gradle\caches\journal-1)" [_thread_blocked, id=6356, stack(0x000000001a960000,0x000000001aa60000)]
  0x0000000018ce4800 JavaThread "File lock request listener" [_thread_in_native, id=10272, stack(0x000000001a860000,0x000000001a960000)]
  0x0000000018b59000 JavaThread "Cache worker for file hash cache (C:\Users\CHOCHHE\.gradle\caches\5.4.1\fileHashes)" [_thread_blocked, id=2908, stack(0x000000001a760000,0x000000001a860000)]
  0x0000000017eb0800 JavaThread "Daemon periodic checks" [_thread_blocked, id=6648, stack(0x0000000019d60000,0x0000000019e60000)]
  0x000000001911a000 JavaThread "Incoming local TCP Connector on port 50100" [_thread_in_native, id=2440, stack(0x0000000019b20000,0x0000000019c20000)]
  0x0000000017a06800 JavaThread "Daemon health stats" [_thread_blocked, id=6560, stack(0x00000000194e0000,0x00000000195e0000)]
  0x0000000015e0d800 JavaThread "Service Thread" daemon [_thread_blocked, id=4368, stack(0x0000000017b10000,0x0000000017c10000)]
  0x0000000015db8800 JavaThread "C1 CompilerThread2" daemon [_thread_blocked, id=8696, stack(0x0000000017610000,0x0000000017710000)]
=>0x0000000015db0000 JavaThread "C2 CompilerThread1" daemon [_thread_in_native, id=1084, stack(0x0000000017510000,0x0000000017610000)]
  0x0000000015dac000 JavaThread "C2 CompilerThread0" daemon [_thread_in_native, id=10120, stack(0x0000000017410000,0x0000000017510000)]
  0x0000000015daa800 JavaThread "Attach Listener" daemon [_thread_blocked, id=9500, stack(0x0000000017310000,0x0000000017410000)]
  0x0000000015da9000 JavaThread "Signal Dispatcher" daemon [_thread_blocked, id=10284, stack(0x0000000017210000,0x0000000017310000)]
  0x000000000243c000 JavaThread "Finalizer" daemon [_thread_blocked, id=9412, stack(0x0000000017010000,0x0000000017110000)]
  0x0000000015d99000 JavaThread "Reference Handler" daemon [_thread_blocked, id=4976, stack(0x0000000016f10000,0x0000000017010000)]
  0x000000000085e000 JavaThread "main" [_thread_blocked, id=7852, stack(0x0000000002240000,0x0000000002340000)]

Other Threads:
  0x0000000015d76000 VMThread [stack: 0x0000000016e10000,0x0000000016f10000] [id=6700]
  0x0000000015e0e800 WatcherThread [stack: 0x0000000017c10000,0x0000000017d10000] [id=10092]

VM state:not at safepoint (normal execution)

VM Mutex/Monitor currently owned by a thread: None

heap address: 0x00000000a0000000, size: 1536 MB, Compressed Oops mode: 32-bit
Narrow klass base: 0x0000000000000000, Narrow klass shift: 3
Compressed class space size: 1073741824 Address: 0x0000000100000000

Heap:
 PSYoungGen      total 224768K, used 50884K [0x00000000e0000000, 0x00000000ef600000, 0x0000000100000000)
  eden space 197632K, 16% used [0x00000000e0000000,0x00000000e1efc980,0x00000000ec100000)
  from space 27136K, 70% used [0x00000000ec100000,0x00000000ed3b4778,0x00000000edb80000)
  to   space 25600K, 0% used [0x00000000edb80000,0x00000000edb80000,0x00000000ef480000)
 ParOldGen       total 161280K, used 43940K [0x00000000a0000000, 0x00000000a9d80000, 0x00000000e0000000)
  object space 161280K, 27% used [0x00000000a0000000,0x00000000a2ae9270,0x00000000a9d80000)
 Metaspace       used 102818K, capacity 109696K, committed 109952K, reserved 1144832K
  class space    used 13034K, capacity 14184K, committed 14208K, reserved 1048576K

Card table byte_map: [0x0000000011800000,0x0000000011b10000] byte_map_base: 0x0000000011300000

Marking Bits: (ParMarkBitMap*) 0x000000006aa79f30
 Begin Bits: [0x0000000012110000, 0x0000000013910000)
 End Bits:   [0x0000000013910000, 0x0000000015110000)

Polling page: 0x00000000007f0000

CodeCache: size=245760Kb used=70694Kb max_used=71692Kb free=175066Kb
 bounds [0x0000000002440000, 0x0000000006ad0000, 0x0000000011440000]
 total_blobs=21061 nmethods=20144 adapters=826
 compilation: enabled

Compilation events (10 events):
Event: 5393.288 Thread 0x0000000015db8800 26812  s    2       java.util.zip.ZipOutputStream::write (175 bytes)
Event: 5393.289 Thread 0x0000000015db8800 nmethod 26812 0x000000000533c2d0 code [0x000000000533c4c0, 0x000000000533cc98]
Event: 5393.289 Thread 0x0000000015db8800 26813   !   2       java.util.zip.Deflater::getBytesRead (23 bytes)
Event: 5393.289 Thread 0x0000000015db8800 nmethod 26813 0x0000000006771410 code [0x0000000006771580, 0x00000000067718a8]
Event: 5393.289 Thread 0x0000000015db8800 26814   !   2       java.util.zip.Deflater::getBytesWritten (23 bytes)
Event: 5393.289 Thread 0x0000000015db8800 nmethod 26814 0x0000000006770e50 code [0x0000000006770fc0, 0x00000000067712e8]
Event: 5393.289 Thread 0x0000000015db8800 26815       2       java.util.zip.ZipOutputStream::writeEXT (73 bytes)
Event: 5393.290 Thread 0x0000000015db8800 nmethod 26815 0x000000000533bd50 code [0x000000000533bf00, 0x000000000533c198]
Event: 5393.290 Thread 0x0000000015db8800 26816   !   2       java.util.zip.Deflater::reset (62 bytes)
Event: 5393.290 Thread 0x0000000015db8800 nmethod 26816 0x000000000533b690 code [0x000000000533b800, 0x000000000533bb98]

GC Heap History (10 events):
Event: 3914.122 GC heap before
{Heap before GC invocations=37 (full 4):
 PSYoungGen      total 208384K, used 187232K [0x00000000e0000000, 0x00000000ee600000, 0x0000000100000000)
  eden space 185344K, 100% used [0x00000000e0000000,0x00000000eb500000,0x00000000eb500000)
  from space 23040K, 8% used [0x00000000ecf80000,0x00000000ed158010,0x00000000ee600000)
  to   space 25088K, 0% used [0x00000000eb500000,0x00000000eb500000,0x00000000ecd80000)
 ParOldGen       total 161280K, used 43900K [0x00000000a0000000, 0x00000000a9d80000, 0x00000000e0000000)
  object space 161280K, 27% used [0x00000000a0000000,0x00000000a2adf270,0x00000000a9d80000)
 Metaspace       used 92735K, capacity 97444K, committed 98496K, reserved 1134592K
  class space    used 11861K, capacity 12722K, committed 13056K, reserved 1048576K
Event: 3914.139 GC heap after
Heap after GC invocations=37 (full 4):
 PSYoungGen      total 210432K, used 5888K [0x00000000e0000000, 0x00000000eed80000, 0x0000000100000000)
  eden space 185344K, 0% used [0x00000000e0000000,0x00000000e0000000,0x00000000eb500000)
  from space 25088K, 23% used [0x00000000eb500000,0x00000000ebac0030,0x00000000ecd80000)
  to   space 24576K, 0% used [0x00000000ed580000,0x00000000ed580000,0x00000000eed80000)
 ParOldGen       total 161280K, used 43908K [0x00000000a0000000, 0x00000000a9d80000, 0x00000000e0000000)
  object space 161280K, 27% used [0x00000000a0000000,0x00000000a2ae1270,0x00000000a9d80000)
 Metaspace       used 92735K, capacity 97444K, committed 98496K, reserved 1134592K
  class space    used 11861K, capacity 12722K, committed 13056K, reserved 1048576K
}
Event: 3988.127 GC heap before
{Heap before GC invocations=38 (full 4):
 PSYoungGen      total 210432K, used 191232K [0x00000000e0000000, 0x00000000eed80000, 0x0000000100000000)
  eden space 185344K, 100% used [0x00000000e0000000,0x00000000eb500000,0x00000000eb500000)
  from space 25088K, 23% used [0x00000000eb500000,0x00000000ebac0030,0x00000000ecd80000)
  to   space 24576K, 0% used [0x00000000ed580000,0x00000000ed580000,0x00000000eed80000)
 ParOldGen       total 161280K, used 43908K [0x00000000a0000000, 0x00000000a9d80000, 0x00000000e0000000)
  object space 161280K, 27% used [0x00000000a0000000,0x00000000a2ae1270,0x00000000a9d80000)
 Metaspace       used 94456K, capacity 99282K, committed 99968K, reserved 1136640K
  class space    used 12048K, capacity 12929K, committed 13184K, reserved 1048576K
Event: 3988.193 GC heap after
Heap after GC invocations=38 (full 4):
 PSYoungGen      total 214528K, used 4495K [0x00000000e0000000, 0x00000000eeb00000, 0x0000000100000000)
  eden space 192512K, 0% used [0x00000000e0000000,0x00000000e0000000,0x00000000ebc00000)
  from space 22016K, 20% used [0x00000000ed580000,0x00000000ed9e3d78,0x00000000eeb00000)
  to   space 24064K, 0% used [0x00000000ebc00000,0x00000000ebc00000,0x00000000ed380000)
 ParOldGen       total 161280K, used 43916K [0x00000000a0000000, 0x00000000a9d80000, 0x00000000e0000000)
  object space 161280K, 27% used [0x00000000a0000000,0x00000000a2ae3270,0x00000000a9d80000)
 Metaspace       used 94456K, capacity 99282K, committed 99968K, reserved 1136640K
  class space    used 12048K, capacity 12929K, committed 13184K, reserved 1048576K
}
Event: 4005.527 GC heap before
{Heap before GC invocations=39 (full 4):
 PSYoungGen      total 214528K, used 197007K [0x00000000e0000000, 0x00000000eeb00000, 0x0000000100000000)
  eden space 192512K, 100% used [0x00000000e0000000,0x00000000ebc00000,0x00000000ebc00000)
  from space 22016K, 20% used [0x00000000ed580000,0x00000000ed9e3d78,0x00000000eeb00000)
  to   space 24064K, 0% used [0x00000000ebc00000,0x00000000ebc00000,0x00000000ed380000)
 ParOldGen       total 161280K, used 43916K [0x00000000a0000000, 0x00000000a9d80000, 0x00000000e0000000)
  object space 161280K, 27% used [0x00000000a0000000,0x00000000a2ae3270,0x00000000a9d80000)
 Metaspace       used 100626K, capacity 105958K, committed 106240K, reserved 1142784K
  class space    used 12746K, capacity 13703K, committed 13824K, reserved 1048576K
Event: 4005.554 GC heap after
Heap after GC invocations=39 (full 4):
 PSYoungGen      total 216576K, used 17981K [0x00000000e0000000, 0x00000000ef480000, 0x0000000100000000)
  eden space 192512K, 0% used [0x00000000e0000000,0x00000000e0000000,0x00000000ebc00000)
  from space 24064K, 74% used [0x00000000ebc00000,0x00000000ecd8f4c0,0x00000000ed380000)
  to   space 25600K, 0% used [0x00000000edb80000,0x00000000edb80000,0x00000000ef480000)
 ParOldGen       total 161280K, used 43924K [0x00000000a0000000, 0x00000000a9d80000, 0x00000000e0000000)
  object space 161280K, 27% used [0x00000000a0000000,0x00000000a2ae5270,0x00000000a9d80000)
 Metaspace       used 100626K, capacity 105958K, committed 106240K, reserved 1142784K
  class space    used 12746K, capacity 13703K, committed 13824K, reserved 1048576K
}
Event: 5385.051 GC heap before
{Heap before GC invocations=40 (full 4):
 PSYoungGen      total 216576K, used 210493K [0x00000000e0000000, 0x00000000ef480000, 0x0000000100000000)
  eden space 192512K, 100% used [0x00000000e0000000,0x00000000ebc00000,0x00000000ebc00000)
  from space 24064K, 74% used [0x00000000ebc00000,0x00000000ecd8f4c0,0x00000000ed380000)
  to   space 25600K, 0% used [0x00000000edb80000,0x00000000edb80000,0x00000000ef480000)
 ParOldGen       total 161280K, used 43924K [0x00000000a0000000, 0x00000000a9d80000, 0x00000000e0000000)
  object space 161280K, 27% used [0x00000000a0000000,0x00000000a2ae5270,0x00000000a9d80000)
 Metaspace       used 102455K, capacity 109268K, committed 109440K, reserved 1144832K
  class space    used 13026K, capacity 14182K, committed 14208K, reserved 1048576K
Event: 5385.118 GC heap after
Heap after GC invocations=40 (full 4):
 PSYoungGen      total 223232K, used 18498K [0x00000000e0000000, 0x00000000ef600000, 0x0000000100000000)
  eden space 197632K, 0% used [0x00000000e0000000,0x00000000e0000000,0x00000000ec100000)
  from space 25600K, 72% used [0x00000000edb80000,0x00000000eed90bb0,0x00000000ef480000)
  to   space 27136K, 0% used [0x00000000ec100000,0x00000000ec100000,0x00000000edb80000)
 ParOldGen       total 161280K, used 43932K [0x00000000a0000000, 0x00000000a9d80000, 0x00000000e0000000)
  object space 161280K, 27% used [0x00000000a0000000,0x00000000a2ae7270,0x00000000a9d80000)
 Metaspace       used 102455K, capacity 109268K, committed 109440K, reserved 1144832K
  class space    used 13026K, capacity 14182K, committed 14208K, reserved 1048576K
}
Event: 5392.687 GC heap before
{Heap before GC invocations=41 (full 4):
 PSYoungGen      total 223232K, used 216130K [0x00000000e0000000, 0x00000000ef600000, 0x0000000100000000)
  eden space 197632K, 100% used [0x00000000e0000000,0x00000000ec100000,0x00000000ec100000)
  from space 25600K, 72% used [0x00000000edb80000,0x00000000eed90bb0,0x00000000ef480000)
  to   space 27136K, 0% used [0x00000000ec100000,0x00000000ec100000,0x00000000edb80000)
 ParOldGen       total 161280K, used 43932K [0x00000000a0000000, 0x00000000a9d80000, 0x00000000e0000000)
  object space 161280K, 27% used [0x00000000a0000000,0x00000000a2ae7270,0x00000000a9d80000)
 Metaspace       used 102763K, capacity 109632K, committed 109696K, reserved 1144832K
  class space    used 13032K, capacity 14184K, committed 14208K, reserved 1048576K
Event: 5392.778 GC heap after
Heap after GC invocations=41 (full 4):
 PSYoungGen      total 224768K, used 19153K [0x00000000e0000000, 0x00000000ef600000, 0x0000000100000000)
  eden space 197632K, 0% used [0x00000000e0000000,0x00000000e0000000,0x00000000ec100000)
  from space 27136K, 70% used [0x00000000ec100000,0x00000000ed3b4778,0x00000000edb80000)
  to   space 25600K, 0% used [0x00000000edb80000,0x00000000edb80000,0x00000000ef480000)
 ParOldGen       total 161280K, used 43940K [0x00000000a0000000, 0x00000000a9d80000, 0x00000000e0000000)
  object space 161280K, 27% used [0x00000000a0000000,0x00000000a2ae9270,0x00000000a9d80000)
 Metaspace       used 102763K, capacity 109632K, committed 109696K, reserved 1144832K
  class space    used 13032K, capacity 14184K, committed 14208K, reserved 1048576K
}

Deoptimization events (10 events):
Event: 5392.790 Thread 0x000000001dd0f800 Uncommon trap: reason=unstable_if action=reinterpret pc=0x0000000003fb043c method=org.objectweb.asm.ClassReader.readUTF(II[C)Ljava/lang/String; @ 77
Event: 5392.790 Thread 0x000000001dd0f800 Uncommon trap: reason=unstable_if action=reinterpret pc=0x0000000005620058 method=org.objectweb.asm.ByteVector.putUTF8(Ljava/lang/String;)Lorg/objectweb/asm/ByteVector; @ 98
Event: 5392.981 Thread 0x000000001dd0f800 Uncommon trap: reason=class_check action=maybe_recompile pc=0x0000000002d674b0 method=java.util.regex.Pattern$SliceI.match(Ljava/util/regex/Matcher;ILjava/lang/CharSequence;)Z @ 92
Event: 5392.981 Thread 0x000000001dd0f800 Uncommon trap: reason=class_check action=maybe_recompile pc=0x0000000002d674b0 method=java.util.regex.Pattern$SliceI.match(Ljava/util/regex/Matcher;ILjava/lang/CharSequence;)Z @ 92
Event: 5392.983 Thread 0x000000001dd0f800 Uncommon trap: reason=bimorphic action=maybe_recompile pc=0x00000000038979e8 method=sun.nio.fs.WindowsChannelFactory$Flags.toFlags(Ljava/util/Set;)Lsun/nio/fs/WindowsChannelFactory$Flags; @ 9
Event: 5392.983 Thread 0x000000001dd0f800 Uncommon trap: reason=unstable_if action=reinterpret pc=0x0000000003955368 method=sun.nio.fs.WindowsChannelFactory.open(Ljava/lang/String;Ljava/lang/String;Lsun/nio/fs/WindowsChannelFactory$Flags;J)Ljava/io/FileDescriptor; @ 95
Event: 5392.986 Thread 0x000000001dd0f800 Uncommon trap: reason=class_check action=maybe_recompile pc=0x00000000037f05a8 method=java.util.zip.DeflaterOutputStream.deflate()V @ 32
Event: 5392.986 Thread 0x000000001dd0f800 Uncommon trap: reason=class_check action=maybe_recompile pc=0x00000000037f05a8 method=java.util.zip.DeflaterOutputStream.deflate()V @ 32
Event: 5392.986 Thread 0x000000001dd0f800 Uncommon trap: reason=class_check action=maybe_recompile pc=0x00000000037f05a8 method=java.util.zip.DeflaterOutputStream.deflate()V @ 32
Event: 5392.987 Thread 0x000000001dd0f800 Uncommon trap: reason=class_check action=maybe_recompile pc=0x00000000037f05a8 method=java.util.zip.DeflaterOutputStream.deflate()V @ 32

Classes redefined (0 events):
No events

Internal exceptions (10 events):
Event: 5385.457 Thread 0x000000001dd0f800 Exception <a 'sun/nio/fs/WindowsException'> (0x00000000e1b31128) thrown at [D:\src\AOSP-openjdk-cygwin\jdk8u\hotspot\src\share\vm\prims\jni.cpp, line 710]
Event: 5387.501 Thread 0x000000001dd12800 Exception <a 'sun/nio/fs/WindowsException'> (0x00000000e388c578) thrown at [D:\src\AOSP-openjdk-cygwin\jdk8u\hotspot\src\share\vm\prims\jni.cpp, line 710]
Event: 5390.924 Thread 0x000000001dd0f800 Implicit null exception at 0x00000000060664b5 to 0x000000000606a6e9
Event: 5390.934 Thread 0x000000001dd0f800 Exception <a 'sun/nio/fs/WindowsException'> (0x00000000e7836d90) thrown at [D:\src\AOSP-openjdk-cygwin\jdk8u\hotspot\src\share\vm\prims\jni.cpp, line 710]
Event: 5391.038 Thread 0x000000001dd12800 Exception <a 'sun/nio/fs/WindowsException'> (0x00000000e7e2beb0) thrown at [D:\src\AOSP-openjdk-cygwin\jdk8u\hotspot\src\share\vm\prims\jni.cpp, line 710]
Event: 5391.912 Thread 0x000000001dd15000 Exception <a 'sun/nio/fs/WindowsException'> (0x00000000e961a558) thrown at [D:\src\AOSP-openjdk-cygwin\jdk8u\hotspot\src\share\vm\prims\jni.cpp, line 710]
Event: 5392.982 Thread 0x000000001dd0f800 Exception <a 'sun/nio/fs/WindowsException'> (0x00000000e1b50f20) thrown at [D:\src\AOSP-openjdk-cygwin\jdk8u\hotspot\src\share\vm\prims\jni.cpp, line 710]
Event: 5392.982 Thread 0x000000001dd0f800 Exception <a 'sun/nio/fs/WindowsException'> (0x00000000e1b51c38) thrown at [D:\src\AOSP-openjdk-cygwin\jdk8u\hotspot\src\share\vm\prims\jni.cpp, line 710]
Event: 5392.982 Thread 0x000000001dd0f800 Exception <a 'sun/nio/fs/WindowsException'> (0x00000000e1b53660) thrown at [D:\src\AOSP-openjdk-cygwin\jdk8u\hotspot\src\share\vm\prims\jni.cpp, line 710]
Event: 5392.982 Thread 0x000000001dd0f800 Exception <a 'sun/nio/fs/WindowsException'> (0x00000000e1b54870) thrown at [D:\src\AOSP-openjdk-cygwin\jdk8u\hotspot\src\share\vm\prims\jni.cpp, line 710]

Events (10 events):
Event: 5392.986 Thread 0x000000001dd0f800 DEOPT UNPACKING pc=0x000000000248557b sp=0x00000000240bd408 mode 2
Event: 5392.986 Thread 0x000000001dd0f800 Uncommon trap: trap_request=0xffffffde fr.pc=0x00000000037f05a8
Event: 5392.986 Thread 0x000000001dd0f800 DEOPT PACKING pc=0x00000000037f05a8 sp=0x00000000240bd420
Event: 5392.986 Thread 0x000000001dd0f800 DEOPT UNPACKING pc=0x000000000248557b sp=0x00000000240bd408 mode 2
Event: 5392.986 Thread 0x000000001dd0f800 Uncommon trap: trap_request=0xffffffde fr.pc=0x00000000037f05a8
Event: 5392.986 Thread 0x000000001dd0f800 DEOPT PACKING pc=0x00000000037f05a8 sp=0x00000000240bd420
Event: 5392.986 Thread 0x000000001dd0f800 DEOPT UNPACKING pc=0x000000000248557b sp=0x00000000240bd408 mode 2
Event: 5392.987 Thread 0x000000001dd0f800 Uncommon trap: trap_request=0xffffffde fr.pc=0x00000000037f05a8
Event: 5392.987 Thread 0x000000001dd0f800 DEOPT PACKING pc=0x00000000037f05a8 sp=0x00000000240bd420
Event: 5392.987 Thread 0x000000001dd0f800 DEOPT UNPACKING pc=0x000000000248557b sp=0x00000000240bd408 mode 2


Dynamic libraries:
0x00007ff6c5370000 - 0x00007ff6c53a1000 	C:\Program Files\Android\Android Studio\jre\bin\java.exe
0x00007ff9117c0000 - 0x00007ff9119b0000 	C:\Windows\SYSTEM32\ntdll.dll
0x00007ff90faf0000 - 0x00007ff90fba2000 	C:\Windows\System32\KERNEL32.DLL
0x00007ff90e9b0000 - 0x00007ff90ec53000 	C:\Windows\System32\KERNELBASE.dll
0x00007ff911570000 - 0x00007ff911613000 	C:\Windows\System32\ADVAPI32.dll
0x00007ff911230000 - 0x00007ff9112ce000 	C:\Windows\System32\msvcrt.dll
0x00007ff90fbb0000 - 0x00007ff90fc47000 	C:\Windows\System32\sechost.dll
0x00007ff910410000 - 0x00007ff910530000 	C:\Windows\System32\RPCRT4.dll
0x00007ff9112d0000 - 0x00007ff911464000 	C:\Windows\System32\USER32.dll
0x00007ff90f020000 - 0x00007ff90f041000 	C:\Windows\System32\win32u.dll
0x00007ff90fa60000 - 0x00007ff90fa86000 	C:\Windows\System32\GDI32.dll
0x00007ff90ece0000 - 0x00007ff90ee74000 	C:\Windows\System32\gdi32full.dll
0x00007ff90f7d0000 - 0x00007ff90f86e000 	C:\Windows\System32\msvcp_win.dll
0x00007ff90e8b0000 - 0x00007ff90e9aa000 	C:\Windows\System32\ucrtbase.dll
0x00007ff900100000 - 0x00007ff900385000 	C:\Windows\WinSxS\amd64_microsoft.windows.common-controls_6595b64144ccf1df_6.0.18362.418_none_e6c6b287130d565d\COMCTL32.dll
0x00007ff9100d0000 - 0x00007ff910406000 	C:\Windows\System32\combase.dll
0x00007ff90ec60000 - 0x00007ff90ece0000 	C:\Windows\System32\bcryptPrimitives.dll
0x00007ff9108f0000 - 0x00007ff91091e000 	C:\Windows\System32\IMM32.DLL
0x000000006a0f0000 - 0x000000006a1c2000 	C:\Program Files\Android\Android Studio\jre\jre\bin\msvcr100.dll
0x000000006a2b0000 - 0x000000006aaf6000 	C:\Program Files\Android\Android Studio\jre\jre\bin\server\jvm.dll
0x00007ff911220000 - 0x00007ff911228000 	C:\Windows\System32\PSAPI.DLL
0x00007ff90c610000 - 0x00007ff90c634000 	C:\Windows\SYSTEM32\WINMM.dll
0x00007ff9030a0000 - 0x00007ff9030aa000 	C:\Windows\SYSTEM32\VERSION.dll
0x00007ff90c5d0000 - 0x00007ff90c5fd000 	C:\Windows\SYSTEM32\winmmbase.dll
0x00007ff90e750000 - 0x00007ff90e79a000 	C:\Windows\System32\cfgmgr32.dll
0x00007ff907bd0000 - 0x00007ff907bd9000 	C:\Windows\SYSTEM32\WSOCK32.dll
0x00007ff911500000 - 0x00007ff91156f000 	C:\Windows\System32\WS2_32.dll
0x00007ff906990000 - 0x00007ff90699f000 	C:\Program Files\Android\Android Studio\jre\jre\bin\verify.dll
0x00007ff903ca0000 - 0x00007ff903cc9000 	C:\Program Files\Android\Android Studio\jre\jre\bin\java.dll
0x00007ff900e30000 - 0x00007ff900e46000 	C:\Program Files\Android\Android Studio\jre\jre\bin\zip.dll
0x00007ff910920000 - 0x00007ff911005000 	C:\Windows\System32\SHELL32.dll
0x00007ff910700000 - 0x00007ff9107a9000 	C:\Windows\System32\shcore.dll
0x00007ff90f050000 - 0x00007ff90f7cf000 	C:\Windows\System32\windows.storage.dll
0x00007ff90e6a0000 - 0x00007ff90e6bf000 	C:\Windows\System32\profapi.dll
0x00007ff90e6c0000 - 0x00007ff90e70a000 	C:\Windows\System32\powrprof.dll
0x00007ff90e690000 - 0x00007ff90e6a0000 	C:\Windows\System32\UMPDC.dll
0x00007ff9111c0000 - 0x00007ff911212000 	C:\Windows\System32\shlwapi.dll
0x00007ff90e710000 - 0x00007ff90e721000 	C:\Windows\System32\kernel.appcore.dll
0x00007ff90efd0000 - 0x00007ff90efe7000 	C:\Windows\System32\cryptsp.dll
0x00007ff8fb430000 - 0x00007ff8fb44a000 	C:\Program Files\Android\Android Studio\jre\jre\bin\net.dll
0x00007ff90dea0000 - 0x00007ff90df07000 	C:\Windows\system32\mswsock.dll
0x00007ff8fb410000 - 0x00007ff8fb421000 	C:\Program Files\Android\Android Studio\jre\jre\bin\nio.dll
0x00007ff903bd0000 - 0x00007ff903bf6000 	C:\Users\CHOCHHE\.gradle\native\29\windows-amd64\native-platform.dll
0x00007ff906980000 - 0x00007ff90698d000 	C:\Program Files\Android\Android Studio\jre\jre\bin\management.dll
0x00007ff90da10000 - 0x00007ff90da43000 	C:\Windows\system32\rsaenh.dll
0x00007ff90eff0000 - 0x00007ff90f016000 	C:\Windows\System32\bcrypt.dll
0x00007ff90e5b0000 - 0x00007ff90e5d5000 	C:\Windows\SYSTEM32\USERENV.dll
0x00007ff90e070000 - 0x00007ff90e07c000 	C:\Windows\SYSTEM32\CRYPTBASE.dll
0x00007ff90dbb0000 - 0x00007ff90dbea000 	C:\Windows\SYSTEM32\IPHLPAPI.DLL
0x00007ff9114f0000 - 0x00007ff9114f8000 	C:\Windows\System32\NSI.dll
0x00007ff904320000 - 0x00007ff904336000 	C:\Windows\SYSTEM32\dhcpcsvc6.DLL
0x00007ff904650000 - 0x00007ff90466c000 	C:\Windows\SYSTEM32\dhcpcsvc.DLL
0x00007ff90dbf0000 - 0x00007ff90dcba000 	C:\Windows\SYSTEM32\DNSAPI.dll
0x00007ff8f8a10000 - 0x00007ff8f8a34000 	C:\Program Files\Android\Android Studio\jre\jre\bin\sunec.dll
0x00007ff8feda0000 - 0x00007ff8fedaa000 	C:\Windows\System32\rasadhlp.dll
0x00007ff904180000 - 0x00007ff9041f7000 	C:\Windows\System32\fwpuclnt.dll
0x00007ff901ec0000 - 0x00007ff901ecb000 	C:\Program Files\Android\Android Studio\jre\jre\bin\sunmscapi.dll
0x00007ff90ee80000 - 0x00007ff90efc9000 	C:\Windows\System32\CRYPT32.dll
0x00007ff90e730000 - 0x00007ff90e742000 	C:\Windows\System32\MSASN1.dll

VM Arguments:
jvm_args: -Xmx1536m -Dfile.encoding=windows-1252 -Duser.country=US -Duser.language=en -Duser.variant 
java_command: org.gradle.launcher.daemon.bootstrap.GradleDaemon 5.4.1
java_class_path (initial): C:\Users\CHOCHHE\.gradle\wrapper\dists\gradle-5.4.1-all\3221gyojl5jsh0helicew7rwx\gradle-5.4.1\lib\gradle-launcher-5.4.1.jar
Launcher Type: SUN_STANDARD

Environment Variables:
PATH=C:\Program Files (x86)\Common Files\Oracle\Java\javapath;C:\Windows\system32;C:\Windows;C:\Windows\System32\Wbem;C:\Windows\System32\WindowsPowerShell\v1.0\;C:\Windows\System32\OpenSSH\;C:\Program Files\nodejs\;C:\Program Files\Git\cmd;C:\Users\CHOCHHE\AppData\Local\Microsoft\WindowsApps;;C:\Users\CHOCHHE\AppData\Local\Programs\Microsoft VS Code\bin;C:\Users\CHOCHHE\AppData\Roaming\npm
USERNAME=CHOCHHE
OS=Windows_NT
PROCESSOR_IDENTIFIER=Intel64 Family 6 Model 61 Stepping 4, GenuineIntel



---------------  S Y S T E M  ---------------

OS: Windows 10.0 , 64 bit Build 18362 (10.0.18362.329)

CPU:total 4 (initial active 4) (2 cores per cpu, 2 threads per core) family 6 model 61 stepping 4, cmov, cx8, fxsr, mmx, sse, sse2, sse3, ssse3, sse4.1, sse4.2, popcnt, avx, avx2, aes, clmul, erms, 3dnowpref, lzcnt, ht, tsc, tscinvbit, bmi1, bmi2, adx

Memory: 4k page, physical 6862832k(403476k free), swap 8910832k(7848k free)

vm_info: OpenJDK 64-Bit Server VM (25.202-b03) for windows-amd64 JRE (1.8.0_202-release-1483-b03), built by "builder" with MS VC++ 10.0 (VS2010)

time: Sun Oct 20 12:30:43 2019
timezone: Nepal Standard Time
elapsed time: 5393 seconds (0d 1h 29m 53s)

